<?xml version="1.0" encoding="UTF-8"?>
<!-- Generated by org.testng.reporters.JUnitReportReporter -->
<testsuite hostname="PeymanPC" failures="0" tests="2" name="qaclickadademy.Mavenjava.RESTAPITest" time="0.009" errors="0" timestamp="2020-10-13T14:57:45 EDT" skipped="0">
  <testcase classname="qaclickadademy.Mavenjava.RESTAPITest" name="postJira" time="0.001"/>
  <system-out/>
  <testcase classname="qaclickadademy.Mavenjava.RESTAPITest" name="deleteTwitter" time="0.008"/>
  <system-out/>
</testsuite> <!-- qaclickadademy.Mavenjava.RESTAPITest -->
